Chapter_4/app/build/intermediates/manifest_merge_blame_file/debug/manifest-merger-blame-debug-report.txt
1<?xml version="1.0" encoding="utf-8"?>
2<manifest xmlns:android="http://schemas.android.com/apk/res/android"
3    package="com.ryg.chapter_4"
4    android:versionCode="1"
5    android:versionName="1.0" >
6
7    <uses-sdk
7-->src/main/AndroidManifest.xml:7:5-8:41
8        android:minSdkVersion="8"
8-->src/main/AndroidManifest.xml:7:5-8:41
9        android:targetSdkVersion="19" />
9-->src/main/AndroidManifest.xml:8:9-38
10
11    <application
11-->src/main/AndroidManifest.xml:10:5-39:19
12        android:allowBackup="true"
12-->src/main/AndroidManifest.xml:11:9-35
13        android:debuggable="true"
14        android:icon="@drawable/ic_launcher"
14-->src/main/AndroidManifest.xml:12:9-45
15        android:label="@string/app_name"
15-->src/main/AndroidManifest.xml:13:9-41
16        android:testOnly="true"
17        android:theme="@style/AppTheme" >
17-->src/main/AndroidManifest.xml:14:9-40
18        <activity
18-->src/main/AndroidManifest.xml:15:9-19:45
19            android:name="com.ryg.chapter_4.TestActivity"
19-->src/main/AndroidManifest.xml:16:13-41
20            android:configChanges="orientation|screenSize"
20-->src/main/AndroidManifest.xml:17:13-59
21            android:label="@string/app_name"
21-->src/main/AndroidManifest.xml:18:13-45
22            android:launchMode="standard" />
22-->src/main/AndroidManifest.xml:19:13-42
23        <activity
23-->src/main/AndroidManifest.xml:20:9-24:45
24            android:name="com.ryg.chapter_4.DemoActivity_1"
24-->src/main/AndroidManifest.xml:21:13-43
25            android:configChanges="screenLayout"
25-->src/main/AndroidManifest.xml:22:13-49
26            android:label="@string/title_scene_1"
26-->src/main/AndroidManifest.xml:23:13-50
27            android:launchMode="standard" />
27-->src/main/AndroidManifest.xml:24:13-42
28        <activity
28-->src/main/AndroidManifest.xml:25:9-29:45
29            android:name="com.ryg.chapter_4.DemoActivity_2"
29-->src/main/AndroidManifest.xml:26:13-43
30            android:configChanges="screenLayout"
30-->src/main/AndroidManifest.xml:27:13-49
31            android:label="@string/app_name"
31-->src/main/AndroidManifest.xml:28:13-45
32            android:launchMode="standard" />
32-->src/main/AndroidManifest.xml:29:13-42
33        <activity
33-->src/main/AndroidManifest.xml:30:9-38:20
34            android:name="com.ryg.chapter_4.MainActivity"
34-->src/main/AndroidManifest.xml:31:13-41
35            android:label="@string/app_name" >
35-->src/main/AndroidManifest.xml:32:13-45
36            <intent-filter>
36-->src/main/AndroidManifest.xml:33:13-37:29
37                <action android:name="android.intent.action.MAIN" />
37-->src/main/AndroidManifest.xml:34:17-69
37-->src/main/AndroidManifest.xml:34:25-66
38
39                <category android:name="android.intent.category.LAUNCHER" />
39-->src/main/AndroidManifest.xml:36:17-77
39-->src/main/AndroidManifest.xml:36:27-74
40            </intent-filter>
41        </activity>
42    </application>
43
44</manifest>